<?xml version="1.0" encoding="UTF-8"?>
<testsuite xmlns:xsi="http://www.w3.org/2001/XMLSchema-instance" xsi:noNamespaceSchemaLocation="https://maven.apache.org/surefire/maven-surefire-plugin/xsd/surefire-test-report-3.0.xsd" version="3.0" name="TestSuite" time="152.651" tests="6" errors="0" skipped="0" failures="1">
  <properties>
[...]
</properties>
  <testcase name="runScenario[&quot;Search Experience for product search in both home and offers page&quot;, &quot;Place the order for Products&quot;](2)" classname="cucumberOptions.TestNGTestRunner" time="109.066">
    <system-out><![CDATA[
@PlaceOrder
Scenario: Search Experience for product search in both home and offers page      # src/test/java/features/checkout.feature:14

@parameterization
Scenario Outline: Search Experience for product search in both home and offers page # src/test/java/features/searchProduct.feature:24

@salesforce
Scenario: Successful User Login to the Application                                        # src/test/java/features/salesforce.feature:4

@greenkart
Scenario: Search Experience for product search in both home and offers page  # src/test/java/features/searchProduct.feature:4

@parameterization
Scenario Outline: Search Experience for product search in both home and offers page # src/test/java/features/searchProduct.feature:22

@parameterization
Scenario Outline: Search Experience for product search in both home and offers page # src/test/java/features/searchProduct.feature:23
  Given the user is on the login page                                                     # stepDefinations.SalesforceStepDefination.the_user_is_on_the_login_page()
  Given User is on GreenCart Landing page                                           # stepDefinations.landingPageStepDefination.user_is_on_green_cart_landing_page()
  Given User is on GreenCart Landing page                                           # stepDefinations.landingPageStepDefination.user_is_on_green_cart_landing_page()
  Given User is on GreenCart Landing page                                        # stepDefinations.landingPageStepDefination.user_is_on_green_cart_landing_page()
  Given User is on GreenCart Landing page                                    # stepDefinations.landingPageStepDefination.user_is_on_green_cart_landing_page()
  Given User is on GreenCart Landing page                                           # stepDefinations.landingPageStepDefination.user_is_on_green_cart_landing_page()
null is extracted form Home page
null is extracted form Home page
null is extracted form Home page
  When user searched with Shortname Tom and extracted actual name of product # stepDefinations.landingPageStepDefination.user_searched_with_shortname_and_extracted_actual_name_of_product(java.lang.String)
  When user searched with Shortname Beet and extracted actual name of product       # stepDefinations.landingPageStepDefination.user_searched_with_shortname_and_extracted_actual_name_of_product(java.lang.String)
  When user searched with Shortname Tom and extracted actual name of product        # stepDefinations.landingPageStepDefination.user_searched_with_shortname_and_extracted_actual_name_of_product(java.lang.String)
null is extracted form Home page
  When user searched with Shortname Car and extracted actual name of product        # stepDefinations.landingPageStepDefination.user_searched_with_shortname_and_extracted_actual_name_of_product(java.lang.String)
null is extracted form Home page
  When user searched with Shortname Walnuts and extracted actual name of product # stepDefinations.landingPageStepDefination.user_searched_with_shortname_and_extracted_actual_name_of_product(java.lang.String)
  And Added 3 items of the selected product to cart                              # stepDefinations.landingPageStepDefination.added_items_of_the_selected_product_to_cart(java.lang.String)
  Then User proceeds to checkout and validate the Walnuts item in checkout page  # stepDefinations.CheckoutPageStepDefination.user_proceeds_to_checkout_and_validate_the_wal_item_in_checkout_page(java.lang.String)
  And Verify user has ability to enter promo code and place the order            # stepDefinations.CheckoutPageStepDefination.verify_user_has_ability_to_enter_promo_code_and_place_the_order()
  Then user searched for Tom shortname in offers page                        # stepDefinations.offersPageStepDefination.user_searched_for_shortname_in_offers_page(java.lang.String)
  Then user searched for Car shortname in offers page                               # stepDefinations.offersPageStepDefination.user_searched_for_shortname_in_offers_page(java.lang.String)
  And validate product name in offers page matches with landing page         # stepDefinations.offersPageStepDefination.validate_product_name_in_offers_page_matches_with_landing_page()
  And validate product name in offers page matches with landing page                # stepDefinations.offersPageStepDefination.validate_product_name_in_offers_page_matches_with_landing_page()
  Then user searched for Beet shortname in offers page                              # stepDefinations.offersPageStepDefination.user_searched_for_shortname_in_offers_page(java.lang.String)
  Then user searched for Tom shortname in offers page                               # stepDefinations.offersPageStepDefination.user_searched_for_shortname_in_offers_page(java.lang.String)
  And validate product name in offers page matches with landing page                # stepDefinations.offersPageStepDefination.validate_product_name_in_offers_page_matches_with_landing_page()
  And validate product name in offers page matches with landing page                # stepDefinations.offersPageStepDefination.validate_product_name_in_offers_page_matches_with_landing_page()
      java.lang.AssertionError: expected [Beetroot] but found [No data]
      	at org.testng.Assert.fail(Assert.java:111)
      	at org.testng.Assert.failNotEquals(Assert.java:1590)
      	at org.testng.Assert.assertEqualsImpl(Assert.java:150)
      	at org.testng.Assert.assertEquals(Assert.java:132)
      	at org.testng.Assert.assertEquals(Assert.java:656)
      	at org.testng.Assert.assertEquals(Assert.java:666)
      	at stepDefinations.offersPageStepDefination.validate_product_name_in_offers_page_matches_with_landing_page(offersPageStepDefination.java:70)
      	at âœ½.validate product name in offers page matches with landing page(file:///C:/Users/nishanthnayakan/eclipse-workspace/CucumberFramework/src/test/java/features/searchProduct.feature:18)

    Embedding image [image/png 20522 bytes]

]]></system-out>
    <system-err><![CDATA[SLF4J(W): No SLF4J providers were found.
SLF4J(W): Defaulting to no-operation (NOP) logger implementation
SLF4J(W): See https://www.slf4j.org/codes.html#noProviders for further details.
]]></system-err>
  </testcase>
  <testcase name="runScenario[&quot;Search Experience for product search in both home and offers page&quot;, &quot;Search and Place the order for Products&quot;](2)" classname="cucumberOptions.TestNGTestRunner" time="109.067"/>
  <testcase name="runScenario[&quot;Search Experience for product search in both home and offers page&quot;, &quot;Search and Place the order for Products&quot;](3)" classname="cucumberOptions.TestNGTestRunner" time="109.067"/>
  <testcase name="runScenario[&quot;Search Experience for product search in both home and offers page&quot;, &quot;Search and Place the order for Products&quot;](4)" classname="cucumberOptions.TestNGTestRunner" time="109.067"/>
  <testcase name="runScenario[&quot;Search Experience for product search in both home and offers page&quot;, &quot;Search and Place the order for Products&quot;](5)" classname="cucumberOptions.TestNGTestRunner" time="112.234">
    <failure message="expected [Beetroot] but found [No data]" type="java.lang.AssertionError"><![CDATA[java.lang.AssertionError: expected [Beetroot] but found [No data]
]]></failure>
  </testcase>
  <testcase name="runScenario[&quot;Successful User Login to the Application&quot;, &quot;Login to Salesforce Application&quot;](6)" classname="cucumberOptions.TestNGTestRunner" time="150.408">
    <system-out><![CDATA[  When the user logs in with email "kudkan90616@agentforce.com" and password "Nish@nth1#" # stepDefinations.SalesforceStepDefination.the_user_logs_in_with_email_and_password(java.lang.String,java.lang.String)
Quarterly Performance
  Then the user should be successfully logged in                                          # stepDefinations.SalesforceStepDefination.the_user_should_be_successfully_logged_in()
  When the user logs out                                                                  # stepDefinations.SalesforceStepDefination.the_user_logs_out()
  Then the user should be successfully logged out                                         # stepDefinations.SalesforceStepDefination.the_user_should_be_successfully_logged_out()
]]></system-out>
    <system-err><![CDATA[Jul 03, 2025 7:19:06 PM org.openqa.selenium.remote.http.WebSocket$Listener onError
WARNING: Connection reset
java.net.SocketException: Connection reset
	at java.base/sun.nio.ch.SocketChannelImpl.throwConnectionReset(SocketChannelImpl.java:394)
	at java.base/sun.nio.ch.SocketChannelImpl.read(SocketChannelImpl.java:426)
	at java.net.http/jdk.internal.net.http.SocketTube.readAvailable(SocketTube.java:1170)
	at java.net.http/jdk.internal.net.http.SocketTube$InternalReadPublisher$InternalReadSubscription.read(SocketTube.java:833)
	at java.net.http/jdk.internal.net.http.SocketTube$SocketFlowTask.run(SocketTube.java:181)
	at java.net.http/jdk.internal.net.http.common.SequentialScheduler$SchedulableTask.run(SequentialScheduler.java:230)
	at java.net.http/jdk.internal.net.http.common.SequentialScheduler.runOrSchedule(SequentialScheduler.java:303)
	at java.net.http/jdk.internal.net.http.common.SequentialScheduler.runOrSchedule(SequentialScheduler.java:256)
	at java.net.http/jdk.internal.net.http.SocketTube$InternalReadPublisher$InternalReadSubscription.signalReadable(SocketTube.java:774)
	at java.net.http/jdk.internal.net.http.SocketTube$InternalReadPublisher$ReadEvent.signalEvent(SocketTube.java:957)
	at java.net.http/jdk.internal.net.http.SocketTube$SocketFlowEvent.handle(SocketTube.java:253)
	at java.net.http/jdk.internal.net.http.HttpClientImpl$SelectorManager.handleEvent(HttpClientImpl.java:979)
	at java.net.http/jdk.internal.net.http.HttpClientImpl$SelectorManager.lambda$run$3(HttpClientImpl.java:934)
	at java.base/java.util.ArrayList.forEach(ArrayList.java:1511)
	at java.net.http/jdk.internal.net.http.HttpClientImpl$SelectorManager.run(HttpClientImpl.java:934)

]]></system-err>
  </testcase>
</testsuite>