<?xml version="1.0" encoding="UTF-8"?>
<!-- Generated by org.testng.reporters.JUnitReportReporter -->
<testsuite hostname="STIPL-SMBD0098" failures="1" tests="6" name="cucumberOptions.TestNGTestRunner" time="698.314" errors="0" timestamp="2025-07-03T19:19:11 IST" skipped="0">
  <testcase classname="cucumberOptions.TestNGTestRunner" name="runScenario" time="111.643">
    <failure message="expected [Beetroot] but found [No data]" type="java.lang.AssertionError">
      <![CDATA[java.lang.AssertionError: expected [Beetroot] but found [No data]
at org.testng.Assert.fail(Assert.java:111)
at org.testng.Assert.failNotEquals(Assert.java:1590)
at org.testng.Assert.assertEqualsImpl(Assert.java:150)
at org.testng.Assert.assertEquals(Assert.java:132)
at org.testng.Assert.assertEquals(Assert.java:656)
at org.testng.Assert.assertEquals(Assert.java:666)
at stepDefinations.offersPageStepDefination.validate_product_name_in_offers_page_matches_with_landing_page(offersPageStepDefination.java:70)
at ✽.validate product name in offers page matches with landing page(file:///C:/Users/nishanthnayakan/eclipse-workspace/CucumberFramework/src/test/java/features/searchProduct.feature:18)
]]>
    </failure>
  </testcase> <!-- runScenario -->
  <testcase classname="cucumberOptions.TestNGTestRunner" name="runScenario" time="150.415"/>
  <testcase classname="cucumberOptions.TestNGTestRunner" name="runScenario" time="109.064"/>
  <testcase classname="cucumberOptions.TestNGTestRunner" name="runScenario" time="109.064"/>
  <testcase classname="cucumberOptions.TestNGTestRunner" name="runScenario" time="109.064"/>
  <testcase classname="cucumberOptions.TestNGTestRunner" name="runScenario" time="109.064"/>
</testsuite> <!-- cucumberOptions.TestNGTestRunner -->
